  [1m[36m (4.9ms)[0m  [1mCREATE TABLE "schema_migrations" ("version" character varying NOT NULL) [0m
  [1m[35m (2.4ms)[0m  CREATE UNIQUE INDEX  "unique_schema_migrations" ON "schema_migrations"  ("version")
  [1m[36mActiveRecord::SchemaMigration Load (0.3ms)[0m  [1mSELECT "schema_migrations".* FROM "schema_migrations"[0m
Migrating to CreateUsers (1)
  [1m[35m (0.2ms)[0m  BEGIN
  [1m[36m (6.2ms)[0m  [1mCREATE TABLE "users" ("id" serial primary key, "email" character varying NOT NULL, "name" character varying, "username" character varying, "password_digest" character varying, "location" text DEFAULT 'Portland, Oregon', "bio" text DEFAULT 'This is my empty bio that I will fill out soon', "profile_pic" text DEFAULT 'http://static1.businessinsider.com/image/525bfb4a69bedda83f84c289-480/bill-belichick.jpg', "votes" integer DEFAULT 0, "created_at" timestamp NOT NULL, "updated_at" timestamp NOT NULL) [0m
  [1m[35mSQL (0.2ms)[0m  INSERT INTO "schema_migrations" ("version") VALUES ($1)  [["version", "1"]]
  [1m[36m (0.7ms)[0m  [1mCOMMIT[0m
Migrating to CreateQuestions (2)
  [1m[35m (15.7ms)[0m  BEGIN
  [1m[36m (5.6ms)[0m  [1mCREATE TABLE "questions" ("id" serial primary key, "title" text NOT NULL, "content" text NOT NULL, "user_id" integer NOT NULL, "votes" integer DEFAULT 0, "tags" text, "created_at" timestamp NOT NULL, "updated_at" timestamp NOT NULL) [0m
  [1m[35mSQL (0.2ms)[0m  INSERT INTO "schema_migrations" ("version") VALUES ($1)  [["version", "2"]]
  [1m[36m (0.7ms)[0m  [1mCOMMIT[0m
Migrating to CreateAnswers (3)
  [1m[35m (15.0ms)[0m  BEGIN
  [1m[36m (5.3ms)[0m  [1mCREATE TABLE "answers" ("id" serial primary key, "content" text NOT NULL, "question_id" integer NOT NULL, "user_id" integer NOT NULL, "votes" integer DEFAULT 0, "created_at" timestamp NOT NULL, "updated_at" timestamp NOT NULL) [0m
  [1m[35mSQL (0.1ms)[0m  INSERT INTO "schema_migrations" ("version") VALUES ($1)  [["version", "3"]]
  [1m[36m (0.6ms)[0m  [1mCOMMIT[0m
Migrating to CreateVotes (4)
  [1m[35m (16.0ms)[0m  BEGIN
  [1m[36m (3.3ms)[0m  [1mCREATE TABLE "votes" ("id" serial primary key, "user_id" integer, "question_id" integer, "answer_id" integer, "created_at" timestamp NOT NULL, "updated_at" timestamp NOT NULL) [0m
  [1m[35mSQL (0.1ms)[0m  INSERT INTO "schema_migrations" ("version") VALUES ($1)  [["version", "4"]]
  [1m[36m (0.5ms)[0m  [1mCOMMIT[0m
  [1m[35mActiveRecord::SchemaMigration Load (0.2ms)[0m  SELECT "schema_migrations".* FROM "schema_migrations"
  [1m[36m (2.1ms)[0m  [1mSELECT t2.oid::regclass::text AS to_table, a1.attname AS column, a2.attname AS primary_key, c.conname AS name, c.confupdtype AS on_update, c.confdeltype AS on_delete
FROM pg_constraint c
JOIN pg_class t1 ON c.conrelid = t1.oid
JOIN pg_class t2 ON c.confrelid = t2.oid
JOIN pg_attribute a1 ON a1.attnum = c.conkey[1] AND a1.attrelid = t1.oid
JOIN pg_attribute a2 ON a2.attnum = c.confkey[1] AND a2.attrelid = t2.oid
JOIN pg_namespace t3 ON c.connamespace = t3.oid
WHERE c.contype = 'f'
  AND t1.relname = 'answers'
  AND t3.nspname = ANY (current_schemas(false))
ORDER BY c.conname
[0m
  [1m[35m (1.7ms)[0m  SELECT t2.oid::regclass::text AS to_table, a1.attname AS column, a2.attname AS primary_key, c.conname AS name, c.confupdtype AS on_update, c.confdeltype AS on_delete
FROM pg_constraint c
JOIN pg_class t1 ON c.conrelid = t1.oid
JOIN pg_class t2 ON c.confrelid = t2.oid
JOIN pg_attribute a1 ON a1.attnum = c.conkey[1] AND a1.attrelid = t1.oid
JOIN pg_attribute a2 ON a2.attnum = c.confkey[1] AND a2.attrelid = t2.oid
JOIN pg_namespace t3 ON c.connamespace = t3.oid
WHERE c.contype = 'f'
  AND t1.relname = 'questions'
  AND t3.nspname = ANY (current_schemas(false))
ORDER BY c.conname

  [1m[36m (1.6ms)[0m  [1mSELECT t2.oid::regclass::text AS to_table, a1.attname AS column, a2.attname AS primary_key, c.conname AS name, c.confupdtype AS on_update, c.confdeltype AS on_delete
FROM pg_constraint c
JOIN pg_class t1 ON c.conrelid = t1.oid
JOIN pg_class t2 ON c.confrelid = t2.oid
JOIN pg_attribute a1 ON a1.attnum = c.conkey[1] AND a1.attrelid = t1.oid
JOIN pg_attribute a2 ON a2.attnum = c.confkey[1] AND a2.attrelid = t2.oid
JOIN pg_namespace t3 ON c.connamespace = t3.oid
WHERE c.contype = 'f'
  AND t1.relname = 'users'
  AND t3.nspname = ANY (current_schemas(false))
ORDER BY c.conname
[0m
  [1m[35m (1.4ms)[0m  SELECT t2.oid::regclass::text AS to_table, a1.attname AS column, a2.attname AS primary_key, c.conname AS name, c.confupdtype AS on_update, c.confdeltype AS on_delete
FROM pg_constraint c
JOIN pg_class t1 ON c.conrelid = t1.oid
JOIN pg_class t2 ON c.confrelid = t2.oid
JOIN pg_attribute a1 ON a1.attnum = c.conkey[1] AND a1.attrelid = t1.oid
JOIN pg_attribute a2 ON a2.attnum = c.confkey[1] AND a2.attrelid = t2.oid
JOIN pg_namespace t3 ON c.connamespace = t3.oid
WHERE c.contype = 'f'
  AND t1.relname = 'votes'
  AND t3.nspname = ANY (current_schemas(false))
ORDER BY c.conname

  [1m[36mActiveRecord::SchemaMigration Load (0.1ms)[0m  [1mSELECT "schema_migrations".* FROM "schema_migrations"[0m
  [1m[35m (0.2ms)[0m  BEGIN
  [1m[36mUser Exists (0.6ms)[0m  [1mSELECT  1 AS one FROM "users" WHERE "users"."username" = 'RyansUsername' LIMIT 1[0m
  [1m[35mUser Exists (0.2ms)[0m  SELECT  1 AS one FROM "users" WHERE "users"."email" = 'ryan@ryan.com' LIMIT 1
  [1m[36mSQL (0.9ms)[0m  [1mINSERT INTO "users" ("email", "username", "name", "password_digest", "profile_pic", "bio", "created_at", "updated_at") VALUES ($1, $2, $3, $4, $5, $6, $7, $8) RETURNING "id"[0m  [["email", "ryan@ryan.com"], ["username", "RyansUsername"], ["name", "Ryan Urie"], ["password_digest", "$2a$10$4RdpyKFL/jYszrarOtdeTOXmCjfWmpcFIvfgshJeLhBf9wVRWZ4ry"], ["profile_pic", "http://clloh.com/wp-content/uploads/2015/08/meteor-js-logo-128x128.png"], ["bio", "Here is my bio so read it"], ["created_at", "2015-12-07 01:01:32.043937"], ["updated_at", "2015-12-07 01:01:32.043937"]]
  [1m[35m (1.6ms)[0m  COMMIT
  [1m[36m (0.2ms)[0m  [1mBEGIN[0m
  [1m[35mQuestion Exists (0.6ms)[0m  SELECT  1 AS one FROM "questions" WHERE "questions"."title" = 'Seed Q Uno: Why is processing a sorted array faster than an unsorted array?' LIMIT 1
  [1m[36mSQL (0.3ms)[0m  [1mINSERT INTO "questions" ("title", "content", "user_id", "tags", "created_at", "updated_at") VALUES ($1, $2, $3, $4, $5, $6) RETURNING "id"[0m  [["title", "Seed Q Uno: Why is processing a sorted array faster than an unsorted array?"], ["content", "Now for the sake of argument, suppose this is back in the 1800s - before long distance or radio communication. You are the operator of a junction and you hear a train coming. You have no idea which way it is supposed to go. You stop the train to ask the captain which direction he wants. And then you set the switch appropriately."], ["user_id", 1], ["tags", "Html Css Javascript Ruby Rails Meteor"], ["created_at", "2015-12-07 01:01:32.064747"], ["updated_at", "2015-12-07 01:01:32.064747"]]
  [1m[35m (0.6ms)[0m  COMMIT
  [1m[36m (0.2ms)[0m  [1mBEGIN[0m
  [1m[35mSQL (0.4ms)[0m  INSERT INTO "answers" ("content", "question_id", "user_id", "created_at", "updated_at") VALUES ($1, $2, $3, $4, $5) RETURNING "id"  [["content", "Ryan User 1... First Answer Content Is  Here For Question ID 3"], ["question_id", 3], ["user_id", 1], ["created_at", "2015-12-07 01:01:32.077508"], ["updated_at", "2015-12-07 01:01:32.077508"]]
  [1m[36m (0.6ms)[0m  [1mCOMMIT[0m
  [1m[35m (0.1ms)[0m  BEGIN
  [1m[36mSQL (0.1ms)[0m  [1mINSERT INTO "answers" ("content", "question_id", "user_id", "created_at", "updated_at") VALUES ($1, $2, $3, $4, $5) RETURNING "id"[0m  [["content", " dui. Praesent blandit dolor. Sed non q"], ["question_id", 3], ["user_id", 1], ["created_at", "2015-12-07 01:01:32.080585"], ["updated_at", "2015-12-07 01:01:32.080585"]]
  [1m[35m (0.4ms)[0m  COMMIT
  [1m[36m (0.2ms)[0m  [1mBEGIN[0m
  [1m[35mSQL (0.4ms)[0m  INSERT INTO "votes" ("user_id", "question_id", "created_at", "updated_at") VALUES ($1, $2, $3, $4) RETURNING "id"  [["user_id", 1], ["question_id", 1], ["created_at", "2015-12-07 01:01:32.091522"], ["updated_at", "2015-12-07 01:01:32.091522"]]
  [1m[36m (0.5ms)[0m  [1mCOMMIT[0m
  [1m[35m (0.1ms)[0m  BEGIN
  [1m[36mSQL (0.2ms)[0m  [1mINSERT INTO "votes" ("user_id", "question_id", "created_at", "updated_at") VALUES ($1, $2, $3, $4) RETURNING "id"[0m  [["user_id", 1], ["question_id", 2], ["created_at", "2015-12-07 01:01:32.094620"], ["updated_at", "2015-12-07 01:01:32.094620"]]
  [1m[35m (0.5ms)[0m  COMMIT
  [1m[36m (0.1ms)[0m  [1mBEGIN[0m
  [1m[35mSQL (0.1ms)[0m  INSERT INTO "votes" ("user_id", "question_id", "created_at", "updated_at") VALUES ($1, $2, $3, $4) RETURNING "id"  [["user_id", 1], ["question_id", 3], ["created_at", "2015-12-07 01:01:32.096747"], ["updated_at", "2015-12-07 01:01:32.096747"]]
  [1m[36m (0.3ms)[0m  [1mCOMMIT[0m
  [1m[35m (0.1ms)[0m  BEGIN
  [1m[36mSQL (0.1ms)[0m  [1mINSERT INTO "votes" ("user_id", "answer_id", "created_at", "updated_at") VALUES ($1, $2, $3, $4) RETURNING "id"[0m  [["user_id", 1], ["answer_id", 1], ["created_at", "2015-12-07 01:01:32.098379"], ["updated_at", "2015-12-07 01:01:32.098379"]]
  [1m[35m (0.4ms)[0m  COMMIT
  [1m[36m (0.1ms)[0m  [1mBEGIN[0m
  [1m[35mSQL (0.1ms)[0m  INSERT INTO "votes" ("user_id", "answer_id", "created_at", "updated_at") VALUES ($1, $2, $3, $4) RETURNING "id"  [["user_id", 1], ["answer_id", 2], ["created_at", "2015-12-07 01:01:32.100184"], ["updated_at", "2015-12-07 01:01:32.100184"]]
  [1m[36m (0.4ms)[0m  [1mCOMMIT[0m
  [1m[35m (0.1ms)[0m  BEGIN
  [1m[36mSQL (0.2ms)[0m  [1mINSERT INTO "votes" ("user_id", "answer_id", "created_at", "updated_at") VALUES ($1, $2, $3, $4) RETURNING "id"[0m  [["user_id", 1], ["answer_id", 3], ["created_at", "2015-12-07 01:01:32.101698"], ["updated_at", "2015-12-07 01:01:32.101698"]]
  [1m[35m (0.4ms)[0m  COMMIT
  [1m[36m (0.2ms)[0m  [1mBEGIN[0m
  [1m[35mUser Exists (0.3ms)[0m  SELECT  1 AS one FROM "users" WHERE "users"."username" = 'MosesUsername' LIMIT 1
  [1m[36mUser Exists (0.2ms)[0m  [1mSELECT  1 AS one FROM "users" WHERE "users"."email" = 'moses@moses.com' LIMIT 1[0m
  [1m[35mSQL (0.2ms)[0m  INSERT INTO "users" ("email", "username", "name", "password_digest", "profile_pic", "bio", "created_at", "updated_at") VALUES ($1, $2, $3, $4, $5, $6, $7, $8) RETURNING "id"  [["email", "moses@moses.com"], ["username", "MosesUsername"], ["name", "Moses Magoo"], ["password_digest", "$2a$10$yfozWZnGt9OnRjP0jmMVU.Fqs770n4gN6bxGKQA7.GuxB7Rsr7GMy"], ["profile_pic", "http://helpacoder.com/wp-content/uploads/2015/07/angular.jpeg"], ["bio", "Lorem ipsum dolor sit amet, consectetur adipiscing elit. Fusce et leo hendrerit, efficitur ligula sed, viverra mauris. Nulla semper luctus dui, id interdum diam sodales at. Nulla tincidunt dolor vitae facilisis ultrices. Nam eu erat at erat vulputate posuere nec id ipsum. Nam gravida nibh magna, vitae faucibus odio ultrices vitae. Cum sociis ."], ["created_at", "2015-12-07 01:01:32.161502"], ["updated_at", "2015-12-07 01:01:32.161502"]]
  [1m[36m (0.6ms)[0m  [1mCOMMIT[0m
  [1m[35m (0.1ms)[0m  BEGIN
  [1m[36mQuestion Exists (0.2ms)[0m  [1mSELECT  1 AS one FROM "questions" WHERE "questions"."title" = 'Seed for test' LIMIT 1[0m
  [1m[35mSQL (0.1ms)[0m  INSERT INTO "questions" ("title", "content", "user_id", "tags", "created_at", "updated_at") VALUES ($1, $2, $3, $4, $5, $6) RETURNING "id"  [["title", "Seed for test"], ["content", "Moses User 2..Second Question Content Is  Here"], ["user_id", 2], ["tags", "Mean Angular React"], ["created_at", "2015-12-07 01:01:32.164690"], ["updated_at", "2015-12-07 01:01:32.164690"]]
  [1m[36m (0.4ms)[0m  [1mCOMMIT[0m
  [1m[35m (0.1ms)[0m  BEGIN
  [1m[36mSQL (0.1ms)[0m  [1mINSERT INTO "answers" ("content", "question_id", "user_id", "created_at", "updated_at") VALUES ($1, $2, $3, $4, $5) RETURNING "id"[0m  [["content", "This is branch prediction. I admit it's not the best analogy since the train could just signal the direction with a flag. But in computers, the processor doesn't know which direction a branch will go until the last moment. So how would you strategically guess to minimize the number of times that the train must back up and go down the other path? You look at the past history! If the train goes left 99% of the time, then you guess left. If it alternates, then you alternate your guesses. If it goes one way every 3 times, you guess the same... In other words, you try to identify a pattern and follow it. This is more or less how branch predictors work. Most applications have well-behaved branches. So modern branch predictors will typically achieve 90% hit rates. But when faced with unpredictable branches with no recognizable patterns, branch predictors are virtually useless."], ["question_id", 1], ["user_id", 2], ["created_at", "2015-12-07 01:01:32.166697"], ["updated_at", "2015-12-07 01:01:32.166697"]]
  [1m[35m (0.4ms)[0m  COMMIT
  [1m[36m (0.1ms)[0m  [1mBEGIN[0m
  [1m[35mSQL (0.1ms)[0m  INSERT INTO "answers" ("content", "question_id", "user_id", "created_at", "updated_at") VALUES ($1, $2, $3, $4, $5) RETURNING "id"  [["content", " amet, consectetur adipiscing elit"], ["question_id", 1], ["user_id", 2], ["created_at", "2015-12-07 01:01:32.168662"], ["updated_at", "2015-12-07 01:01:32.168662"]]
  [1m[36m (0.4ms)[0m  [1mCOMMIT[0m
  [1m[35m (0.1ms)[0m  BEGIN
  [1m[36mSQL (0.1ms)[0m  [1mINSERT INTO "answers" ("content", "question_id", "user_id", "created_at", "updated_at") VALUES ($1, $2, $3, $4, $5) RETURNING "id"[0m  [["content", "tus non, massa. Fusce ac turpis quis ligula lacinia aliquet. Mauris ipsum. Nulla metus metus, ullamcor"], ["question_id", 1], ["user_id", 2], ["created_at", "2015-12-07 01:01:32.170410"], ["updated_at", "2015-12-07 01:01:32.170410"]]
  [1m[35m (0.4ms)[0m  COMMIT
  [1m[36m (0.1ms)[0m  [1mBEGIN[0m
  [1m[35mSQL (0.2ms)[0m  INSERT INTO "answers" ("content", "question_id", "user_id", "created_at", "updated_at") VALUES ($1, $2, $3, $4, $5) RETURNING "id"  [["content", "or neque adipiscing diam, a cursus ipsum ante quis turpis. Nulla facilisi. Ut fringilla. Suspendisse potenti. Nunc feugiat mi a tellus consequat imperdiet. Vestibulum sapien. Proin quam. Etiam ultrices. Suspendisse in justo eu magna luctus suscipit. Sed lectus. Integer euismod lacus luc"], ["question_id", 1], ["user_id", 2], ["created_at", "2015-12-07 01:01:32.172093"], ["updated_at", "2015-12-07 01:01:32.172093"]]
  [1m[36m (0.4ms)[0m  [1mCOMMIT[0m
  [1m[35m (0.1ms)[0m  BEGIN
  [1m[36mSQL (0.2ms)[0m  [1mINSERT INTO "answers" ("content", "question_id", "user_id", "created_at", "updated_at") VALUES ($1, $2, $3, $4, $5) RETURNING "id"[0m  [["content", "sem massa mattis sem, at interdum magna augue eget diam. Vestibulum ante ip"], ["question_id", 1], ["user_id", 2], ["created_at", "2015-12-07 01:01:32.173939"], ["updated_at", "2015-12-07 01:01:32.173939"]]
  [1m[35m (0.5ms)[0m  COMMIT
  [1m[36m (0.1ms)[0m  [1mBEGIN[0m
  [1m[35mSQL (0.1ms)[0m  INSERT INTO "answers" ("content", "question_id", "user_id", "created_at", "updated_at") VALUES ($1, $2, $3, $4, $5) RETURNING "id"  [["content", "Moses User 2....2nd Answer Content Is Here For Question ID 1"], ["question_id", 3], ["user_id", 2], ["created_at", "2015-12-07 01:01:32.175895"], ["updated_at", "2015-12-07 01:01:32.175895"]]
  [1m[36m (1.7ms)[0m  [1mCOMMIT[0m
  [1m[35m (0.1ms)[0m  BEGIN
  [1m[36mSQL (0.1ms)[0m  [1mINSERT INTO "answers" ("content", "question_id", "user_id", "created_at", "updated_at") VALUES ($1, $2, $3, $4, $5) RETURNING "id"[0m  [["content", "9999sdfasfasdfsadffasd"], ["question_id", 3], ["user_id", 2], ["created_at", "2015-12-07 01:01:32.179120"], ["updated_at", "2015-12-07 01:01:32.179120"]]
  [1m[35m (0.5ms)[0m  COMMIT
  [1m[36m (0.2ms)[0m  [1mBEGIN[0m
  [1m[35mSQL (0.2ms)[0m  INSERT INTO "answers" ("content", "question_id", "user_id", "created_at", "updated_at") VALUES ($1, $2, $3, $4, $5) RETURNING "id"  [["content", "44444dgsdgdfsgdgdsf45t45ggg5 g34g5"], ["question_id", 3], ["user_id", 2], ["created_at", "2015-12-07 01:01:32.181064"], ["updated_at", "2015-12-07 01:01:32.181064"]]
  [1m[36m (0.5ms)[0m  [1mCOMMIT[0m
  [1m[35m (0.1ms)[0m  BEGIN
  [1m[36mSQL (0.1ms)[0m  [1mINSERT INTO "answers" ("content", "question_id", "user_id", "created_at", "updated_at") VALUES ($1, $2, $3, $4, $5) RETURNING "id"[0m  [["content", "1111111dgsdgdfsgttdgdsf45t45ggg5 g34g5"], ["question_id", 3], ["user_id", 2], ["created_at", "2015-12-07 01:01:32.182937"], ["updated_at", "2015-12-07 01:01:32.182937"]]
  [1m[35m (0.5ms)[0m  COMMIT
  [1m[36m (0.1ms)[0m  [1mBEGIN[0m
  [1m[35mSQL (0.1ms)[0m  INSERT INTO "answers" ("content", "question_id", "user_id", "created_at", "updated_at") VALUES ($1, $2, $3, $4, $5) RETURNING "id"  [["content", "2222dgsdgdfsgdgdsf45t45ggg5 g34g5"], ["question_id", 3], ["user_id", 2], ["created_at", "2015-12-07 01:01:32.184836"], ["updated_at", "2015-12-07 01:01:32.184836"]]
  [1m[36m (0.5ms)[0m  [1mCOMMIT[0m
  [1m[35m (0.1ms)[0m  BEGIN
  [1m[36mSQL (0.1ms)[0m  [1mINSERT INTO "answers" ("content", "question_id", "user_id", "created_at", "updated_at") VALUES ($1, $2, $3, $4, $5) RETURNING "id"[0m  [["content", "77777777dgsdgdfsgdgdsf45t45ggg5 g34g5"], ["question_id", 3], ["user_id", 2], ["created_at", "2015-12-07 01:01:32.186758"], ["updated_at", "2015-12-07 01:01:32.186758"]]
  [1m[35m (0.4ms)[0m  COMMIT
  [1m[36m (0.1ms)[0m  [1mBEGIN[0m
  [1m[35mSQL (0.1ms)[0m  INSERT INTO "answers" ("content", "question_id", "user_id", "created_at", "updated_at") VALUES ($1, $2, $3, $4, $5) RETURNING "id"  [["content", "8888888dgsdgdfsgdgdsf45t45ggg5 g34g5"], ["question_id", 3], ["user_id", 2], ["created_at", "2015-12-07 01:01:32.188610"], ["updated_at", "2015-12-07 01:01:32.188610"]]
  [1m[36m (0.4ms)[0m  [1mCOMMIT[0m
  [1m[35m (0.1ms)[0m  BEGIN
  [1m[36mSQL (0.1ms)[0m  [1mINSERT INTO "answers" ("content", "question_id", "user_id", "created_at", "updated_at") VALUES ($1, $2, $3, $4, $5) RETURNING "id"[0m  [["content", " Curae; Morbi lacinia molestie dui. Praesent blandit dolor. Sed non quam. In vel mi sit amet augue congue elementum. Morbi illus. Ut ultrices ultrices enim. Cu"], ["question_id", 3], ["user_id", 2], ["created_at", "2015-12-07 01:01:32.190333"], ["updated_at", "2015-12-07 01:01:32.190333"]]
  [1m[35m (0.5ms)[0m  COMMIT
  [1m[36m (0.1ms)[0m  [1mBEGIN[0m
  [1m[35mSQL (0.1ms)[0m  INSERT INTO "votes" ("user_id", "question_id", "created_at", "updated_at") VALUES ($1, $2, $3, $4) RETURNING "id"  [["user_id", 2], ["question_id", 1], ["created_at", "2015-12-07 01:01:32.192228"], ["updated_at", "2015-12-07 01:01:32.192228"]]
  [1m[36m (0.7ms)[0m  [1mCOMMIT[0m
  [1m[35m (0.1ms)[0m  BEGIN
  [1m[36mSQL (0.1ms)[0m  [1mINSERT INTO "votes" ("user_id", "question_id", "created_at", "updated_at") VALUES ($1, $2, $3, $4) RETURNING "id"[0m  [["user_id", 2], ["question_id", 1], ["created_at", "2015-12-07 01:01:32.194145"], ["updated_at", "2015-12-07 01:01:32.194145"]]
  [1m[35m (0.5ms)[0m  COMMIT
  [1m[36m (0.1ms)[0m  [1mBEGIN[0m
  [1m[35mSQL (0.1ms)[0m  INSERT INTO "votes" ("user_id", "question_id", "created_at", "updated_at") VALUES ($1, $2, $3, $4) RETURNING "id"  [["user_id", 2], ["question_id", 2], ["created_at", "2015-12-07 01:01:32.195788"], ["updated_at", "2015-12-07 01:01:32.195788"]]
  [1m[36m (0.3ms)[0m  [1mCOMMIT[0m
  [1m[35m (0.1ms)[0m  BEGIN
  [1m[36mSQL (0.1ms)[0m  [1mINSERT INTO "votes" ("user_id", "question_id", "created_at", "updated_at") VALUES ($1, $2, $3, $4) RETURNING "id"[0m  [["user_id", 2], ["question_id", 3], ["created_at", "2015-12-07 01:01:32.197289"], ["updated_at", "2015-12-07 01:01:32.197289"]]
  [1m[35m (0.4ms)[0m  COMMIT
  [1m[36m (0.1ms)[0m  [1mBEGIN[0m
  [1m[35mSQL (0.1ms)[0m  INSERT INTO "votes" ("user_id", "answer_id", "created_at", "updated_at") VALUES ($1, $2, $3, $4) RETURNING "id"  [["user_id", 2], ["answer_id", 1], ["created_at", "2015-12-07 01:01:32.198946"], ["updated_at", "2015-12-07 01:01:32.198946"]]
  [1m[36m (0.4ms)[0m  [1mCOMMIT[0m
  [1m[35m (0.1ms)[0m  BEGIN
  [1m[36mSQL (0.1ms)[0m  [1mINSERT INTO "votes" ("user_id", "answer_id", "created_at", "updated_at") VALUES ($1, $2, $3, $4) RETURNING "id"[0m  [["user_id", 2], ["answer_id", 1], ["created_at", "2015-12-07 01:01:32.200580"], ["updated_at", "2015-12-07 01:01:32.200580"]]
  [1m[35m (0.5ms)[0m  COMMIT
  [1m[36m (0.1ms)[0m  [1mBEGIN[0m
  [1m[35mSQL (0.1ms)[0m  INSERT INTO "votes" ("user_id", "answer_id", "created_at", "updated_at") VALUES ($1, $2, $3, $4) RETURNING "id"  [["user_id", 2], ["answer_id", 2], ["created_at", "2015-12-07 01:01:32.202318"], ["updated_at", "2015-12-07 01:01:32.202318"]]
  [1m[36m (0.5ms)[0m  [1mCOMMIT[0m
  [1m[35m (0.1ms)[0m  BEGIN
  [1m[36mSQL (0.1ms)[0m  [1mINSERT INTO "votes" ("user_id", "answer_id", "created_at", "updated_at") VALUES ($1, $2, $3, $4) RETURNING "id"[0m  [["user_id", 2], ["answer_id", 3], ["created_at", "2015-12-07 01:01:32.204079"], ["updated_at", "2015-12-07 01:01:32.204079"]]
  [1m[35m (0.5ms)[0m  COMMIT
  [1m[36m (0.1ms)[0m  [1mBEGIN[0m
  [1m[35mSQL (0.1ms)[0m  INSERT INTO "votes" ("user_id", "answer_id", "created_at", "updated_at") VALUES ($1, $2, $3, $4) RETURNING "id"  [["user_id", 2], ["answer_id", 3], ["created_at", "2015-12-07 01:01:32.205832"], ["updated_at", "2015-12-07 01:01:32.205832"]]
  [1m[36m (0.5ms)[0m  [1mCOMMIT[0m
  [1m[35m (0.2ms)[0m  BEGIN
  [1m[36mUser Exists (0.3ms)[0m  [1mSELECT  1 AS one FROM "users" WHERE "users"."username" = 'KatysUsername' LIMIT 1[0m
  [1m[35mUser Exists (0.1ms)[0m  SELECT  1 AS one FROM "users" WHERE "users"."email" = 'katy@katy.com' LIMIT 1
  [1m[36mSQL (0.2ms)[0m  [1mINSERT INTO "users" ("email", "username", "name", "password_digest", "profile_pic", "bio", "created_at", "updated_at") VALUES ($1, $2, $3, $4, $5, $6, $7, $8) RETURNING "id"[0m  [["email", "katy@katy.com"], ["username", "KatysUsername"], ["name", "Katy Elliott"], ["password_digest", "$2a$10$qN6NHfUrsCLOEYuFWw7xWe72q6z9LZUA0ye6JOVvEzVtTJpBVLEyK"], ["profile_pic", "http://adrianmejia.com/images/MEAN_jarroba.png"], ["bio", "natoque penatibus et magnis dis parturient montes, nascetur ridiculus mus. Nullam at dolor augue. Morbi varius dolor diam. Suspendisse tristique felis ut mauris molestie, at elementum mauris finibus. Pellentesque quis libero dui. Praesent quis accumsan risus. Integer placerat diam sit amet erat aliquet ultricies. Donec viverra scelerisque placerat. Nulla placerat scelerisque nunc, ac ultricies libero ullamcorper vel"], ["created_at", "2015-12-07 01:01:32.264570"], ["updated_at", "2015-12-07 01:01:32.264570"]]
  [1m[35m (0.6ms)[0m  COMMIT
  [1m[36m (0.1ms)[0m  [1mBEGIN[0m
  [1m[35mQuestion Exists (0.2ms)[0m  SELECT  1 AS one FROM "questions" WHERE "questions"."title" = 'Katy User 3.....THIRD Question Title' LIMIT 1
  [1m[36mSQL (0.1ms)[0m  [1mINSERT INTO "questions" ("title", "content", "user_id", "tags", "created_at", "updated_at") VALUES ($1, $2, $3, $4, $5, $6) RETURNING "id"[0m  [["title", "Katy User 3.....THIRD Question Title"], ["content", "Katy User 3...THIRD Question Content Is  Here"], ["user_id", 3], ["tags", "Football Keyboard Sandwich"], ["created_at", "2015-12-07 01:01:32.267675"], ["updated_at", "2015-12-07 01:01:32.267675"]]
  [1m[35m (0.5ms)[0m  COMMIT
  [1m[36m (0.1ms)[0m  [1mBEGIN[0m
  [1m[35mSQL (0.1ms)[0m  INSERT INTO "answers" ("content", "question_id", "user_id", "created_at", "updated_at") VALUES ($1, $2, $3, $4, $5) RETURNING "id"  [["content", "ed dignissim lacinia nunc. Curabitur tortor. Pellentesque nibh. Aenean quam. In scelerisque sem at dolor. Maecenas mattis. Sed conva"], ["question_id", 2], ["user_id", 3], ["created_at", "2015-12-07 01:01:32.269747"], ["updated_at", "2015-12-07 01:01:32.269747"]]
  [1m[36m (0.4ms)[0m  [1mCOMMIT[0m
  [1m[35m (0.1ms)[0m  BEGIN
  [1m[36mSQL (0.1ms)[0m  [1mINSERT INTO "answers" ("content", "question_id", "user_id", "created_at", "updated_at") VALUES ($1, $2, $3, $4, $5) RETURNING "id"[0m  [["content", "Katy User 3....2nd Answer Content Is Here For Question ID 2"], ["question_id", 2], ["user_id", 3], ["created_at", "2015-12-07 01:01:32.271523"], ["updated_at", "2015-12-07 01:01:32.271523"]]
  [1m[35m (0.4ms)[0m  COMMIT
  [1m[36m (0.1ms)[0m  [1mBEGIN[0m
  [1m[35mSQL (0.2ms)[0m  INSERT INTO "votes" ("user_id", "question_id", "created_at", "updated_at") VALUES ($1, $2, $3, $4) RETURNING "id"  [["user_id", 3], ["question_id", 1], ["created_at", "2015-12-07 01:01:32.273896"], ["updated_at", "2015-12-07 01:01:32.273896"]]
  [1m[36m (0.4ms)[0m  [1mCOMMIT[0m
  [1m[35m (0.1ms)[0m  BEGIN
  [1m[36mSQL (0.1ms)[0m  [1mINSERT INTO "votes" ("user_id", "question_id", "created_at", "updated_at") VALUES ($1, $2, $3, $4) RETURNING "id"[0m  [["user_id", 3], ["question_id", 1], ["created_at", "2015-12-07 01:01:32.275836"], ["updated_at", "2015-12-07 01:01:32.275836"]]
  [1m[35m (0.5ms)[0m  COMMIT
  [1m[36m (0.1ms)[0m  [1mBEGIN[0m
  [1m[35mSQL (0.1ms)[0m  INSERT INTO "votes" ("user_id", "question_id", "created_at", "updated_at") VALUES ($1, $2, $3, $4) RETURNING "id"  [["user_id", 3], ["question_id", 2], ["created_at", "2015-12-07 01:01:32.277533"], ["updated_at", "2015-12-07 01:01:32.277533"]]
  [1m[36m (0.4ms)[0m  [1mCOMMIT[0m
  [1m[35m (0.1ms)[0m  BEGIN
  [1m[36mSQL (0.1ms)[0m  [1mINSERT INTO "votes" ("user_id", "question_id", "created_at", "updated_at") VALUES ($1, $2, $3, $4) RETURNING "id"[0m  [["user_id", 3], ["question_id", 2], ["created_at", "2015-12-07 01:01:32.279240"], ["updated_at", "2015-12-07 01:01:32.279240"]]
  [1m[35m (0.4ms)[0m  COMMIT
  [1m[36m (0.1ms)[0m  [1mBEGIN[0m
  [1m[35mSQL (0.1ms)[0m  INSERT INTO "votes" ("user_id", "question_id", "created_at", "updated_at") VALUES ($1, $2, $3, $4) RETURNING "id"  [["user_id", 3], ["question_id", 2], ["created_at", "2015-12-07 01:01:32.280968"], ["updated_at", "2015-12-07 01:01:32.280968"]]
  [1m[36m (0.5ms)[0m  [1mCOMMIT[0m
  [1m[35m (0.1ms)[0m  BEGIN
  [1m[36mSQL (0.1ms)[0m  [1mINSERT INTO "votes" ("user_id", "question_id", "created_at", "updated_at") VALUES ($1, $2, $3, $4) RETURNING "id"[0m  [["user_id", 3], ["question_id", 3], ["created_at", "2015-12-07 01:01:32.282662"], ["updated_at", "2015-12-07 01:01:32.282662"]]
  [1m[35m (0.8ms)[0m  COMMIT
  [1m[36m (0.1ms)[0m  [1mBEGIN[0m
  [1m[35mSQL (0.1ms)[0m  INSERT INTO "votes" ("user_id", "answer_id", "created_at", "updated_at") VALUES ($1, $2, $3, $4) RETURNING "id"  [["user_id", 3], ["answer_id", 1], ["created_at", "2015-12-07 01:01:32.284670"], ["updated_at", "2015-12-07 01:01:32.284670"]]
  [1m[36m (0.5ms)[0m  [1mCOMMIT[0m
  [1m[35m (0.1ms)[0m  BEGIN
  [1m[36mSQL (0.1ms)[0m  [1mINSERT INTO "votes" ("user_id", "answer_id", "created_at", "updated_at") VALUES ($1, $2, $3, $4) RETURNING "id"[0m  [["user_id", 3], ["answer_id", 1], ["created_at", "2015-12-07 01:01:32.286376"], ["updated_at", "2015-12-07 01:01:32.286376"]]
  [1m[35m (0.5ms)[0m  COMMIT
  [1m[36m (0.1ms)[0m  [1mBEGIN[0m
  [1m[35mSQL (0.1ms)[0m  INSERT INTO "votes" ("user_id", "answer_id", "created_at", "updated_at") VALUES ($1, $2, $3, $4) RETURNING "id"  [["user_id", 3], ["answer_id", 2], ["created_at", "2015-12-07 01:01:32.288088"], ["updated_at", "2015-12-07 01:01:32.288088"]]
  [1m[36m (0.5ms)[0m  [1mCOMMIT[0m
  [1m[35m (0.1ms)[0m  BEGIN
  [1m[36mSQL (0.1ms)[0m  [1mINSERT INTO "votes" ("user_id", "answer_id", "created_at", "updated_at") VALUES ($1, $2, $3, $4) RETURNING "id"[0m  [["user_id", 3], ["answer_id", 2], ["created_at", "2015-12-07 01:01:32.289806"], ["updated_at", "2015-12-07 01:01:32.289806"]]
  [1m[35m (0.4ms)[0m  COMMIT
  [1m[36m (0.1ms)[0m  [1mBEGIN[0m
  [1m[35mSQL (0.1ms)[0m  INSERT INTO "votes" ("user_id", "answer_id", "created_at", "updated_at") VALUES ($1, $2, $3, $4) RETURNING "id"  [["user_id", 3], ["answer_id", 3], ["created_at", "2015-12-07 01:01:32.291430"], ["updated_at", "2015-12-07 01:01:32.291430"]]
  [1m[36m (0.4ms)[0m  [1mCOMMIT[0m
  [1m[35m (0.1ms)[0m  BEGIN
  [1m[36mSQL (0.1ms)[0m  [1mINSERT INTO "votes" ("user_id", "answer_id", "created_at", "updated_at") VALUES ($1, $2, $3, $4) RETURNING "id"[0m  [["user_id", 3], ["answer_id", 3], ["created_at", "2015-12-07 01:01:32.293022"], ["updated_at", "2015-12-07 01:01:32.293022"]]
  [1m[35m (0.4ms)[0m  COMMIT
